Logfile initialized
[INFO] logfile = /Users/gabrielenriquebarriosdominguez/Documents/Titanium_Studio_Workspace/test2/build.log
[DEBUG] /Users/gabrielenriquebarriosdominguez/Library/Application Support/Titanium/mobilesdk/osx/3.0.0.GA/android/builder.py simulator test2 /Users/gabrielenriquebarriosdominguez/Downloads/adt-bundle-mac-x86_64/sdk /Users/gabrielenriquebarriosdominguez/Documents/Titanium_Studio_Workspace/test2 com.urvenue 21 WVGA854 
[INFO] Building test2 for Android ... one moment
[INFO] Titanium SDK version: 3.0.0 (12/12/12 18:49 a5894b3)
[DEBUG] Waiting for device to be ready ...
[TRACE] adb devices returned 1 devices/emulators
[DEBUG] Device connected... (waited 0 seconds)
[DEBUG] waited 0.044171 seconds on emulator to get ready
[DEBUG] com.urvenue installed? False
[INFO] Fastdev server running, deploying in Fastdev mode
[INFO] Copying CommonJS modules...
[INFO] Copying project resources..
[INFO] Detected change in tiapp.xml, or assets deleted. Forcing full re-build...
[TRACE] COPYING CREATED FILE: /Users/gabrielenriquebarriosdominguez/Documents/Titanium_Studio_Workspace/test2/Resources/android/appicon.png => /Users/gabrielenriquebarriosdominguez/Documents/Titanium_Studio_Workspace/test2/build/android/bin/assets/Resources/appicon.png
[TRACE] COPYING CREATED FILE: /Users/gabrielenriquebarriosdominguez/Documents/Titanium_Studio_Workspace/test2/Resources/android/default.png => /Users/gabrielenriquebarriosdominguez/Documents/Titanium_Studio_Workspace/test2/build/android/bin/assets/Resources/default.png
[TRACE] COPYING CREATED FILE: /Users/gabrielenriquebarriosdominguez/Documents/Titanium_Studio_Workspace/test2/Resources/app.js => /Users/gabrielenriquebarriosdominguez/Documents/Titanium_Studio_Workspace/test2/build/android/bin/assets/Resources/app.js
[TRACE] COPYING CREATED FILE: /Users/gabrielenriquebarriosdominguez/Documents/Titanium_Studio_Workspace/test2/Resources/KS_nav_ui.png => /Users/gabrielenriquebarriosdominguez/Documents/Titanium_Studio_Workspace/test2/build/android/bin/assets/Resources/KS_nav_ui.png
[TRACE] COPYING CREATED FILE: /Users/gabrielenriquebarriosdominguez/Documents/Titanium_Studio_Workspace/test2/Resources/KS_nav_views.png => /Users/gabrielenriquebarriosdominguez/Documents/Titanium_Studio_Workspace/test2/build/android/bin/assets/Resources/KS_nav_views.png
[TRACE] Generating Java Classes
[DEBUG] Processing Android resource drawables
[TRACE] COPYING FILE: /Users/gabrielenriquebarriosdominguez/Documents/Titanium_Studio_Workspace/test2/Resources/android/images/res-long-land-hdpi/default.png => /Users/gabrielenriquebarriosdominguez/Documents/Titanium_Studio_Workspace/test2/build/android/res/drawable-long-land-hdpi/default_d44e27d97b.png
[TRACE] COPYING FILE: /Users/gabrielenriquebarriosdominguez/Documents/Titanium_Studio_Workspace/test2/Resources/android/images/res-long-land-ldpi/default.png => /Users/gabrielenriquebarriosdominguez/Documents/Titanium_Studio_Workspace/test2/build/android/res/drawable-long-land-ldpi/default_d44e27d97b.png
[TRACE] COPYING FILE: /Users/gabrielenriquebarriosdominguez/Documents/Titanium_Studio_Workspace/test2/Resources/android/images/res-long-port-hdpi/default.png => /Users/gabrielenriquebarriosdominguez/Documents/Titanium_Studio_Workspace/test2/build/android/res/drawable-long-port-hdpi/default_d44e27d97b.png
[TRACE] COPYING FILE: /Users/gabrielenriquebarriosdominguez/Documents/Titanium_Studio_Workspace/test2/Resources/android/images/res-long-port-ldpi/default.png => /Users/gabrielenriquebarriosdominguez/Documents/Titanium_Studio_Workspace/test2/build/android/res/drawable-long-port-ldpi/default_d44e27d97b.png
[TRACE] COPYING FILE: /Users/gabrielenriquebarriosdominguez/Documents/Titanium_Studio_Workspace/test2/Resources/android/images/res-notlong-land-hdpi/default.png => /Users/gabrielenriquebarriosdominguez/Documents/Titanium_Studio_Workspace/test2/build/android/res/drawable-notlong-land-hdpi/default_d44e27d97b.png
[TRACE] COPYING FILE: /Users/gabrielenriquebarriosdominguez/Documents/Titanium_Studio_Workspace/test2/Resources/android/images/res-notlong-land-ldpi/default.png => /Users/gabrielenriquebarriosdominguez/Documents/Titanium_Studio_Workspace/test2/build/android/res/drawable-notlong-land-ldpi/default_d44e27d97b.png
[TRACE] COPYING FILE: /Users/gabrielenriquebarriosdominguez/Documents/Titanium_Studio_Workspace/test2/Resources/android/images/res-notlong-land-mdpi/default.png => /Users/gabrielenriquebarriosdominguez/Documents/Titanium_Studio_Workspace/test2/build/android/res/drawable-notlong-land-mdpi/default_d44e27d97b.png
[TRACE] COPYING FILE: /Users/gabrielenriquebarriosdominguez/Documents/Titanium_Studio_Workspace/test2/Resources/android/images/res-notlong-port-hdpi/default.png => /Users/gabrielenriquebarriosdominguez/Documents/Titanium_Studio_Workspace/test2/build/android/res/drawable-notlong-port-hdpi/default_d44e27d97b.png
[TRACE] COPYING FILE: /Users/gabrielenriquebarriosdominguez/Documents/Titanium_Studio_Workspace/test2/Resources/android/images/res-notlong-port-ldpi/default.png => /Users/gabrielenriquebarriosdominguez/Documents/Titanium_Studio_Workspace/test2/build/android/res/drawable-notlong-port-ldpi/default_d44e27d97b.png
[TRACE] COPYING FILE: /Users/gabrielenriquebarriosdominguez/Documents/Titanium_Studio_Workspace/test2/Resources/android/images/res-notlong-port-mdpi/default.png => /Users/gabrielenriquebarriosdominguez/Documents/Titanium_Studio_Workspace/test2/build/android/res/drawable-notlong-port-mdpi/default_d44e27d97b.png
[DEBUG] app stylesheet => /Users/gabrielenriquebarriosdominguez/Documents/Titanium_Studio_Workspace/test2/build/android/gen/com/urvenue/ApplicationStylesheet.java
[DEBUG] copying app icon: /Users/gabrielenriquebarriosdominguez/Documents/Titanium_Studio_Workspace/test2/build/android/bin/assets/Resources/appicon.png
[DEBUG] generating theme.xml
[DEBUG] found drawable-long-land-hdpi splash screen at /Users/gabrielenriquebarriosdominguez/Documents/Titanium_Studio_Workspace/test2/Resources/android/images/res-long-land-hdpi/default.png
[DEBUG] copying /Users/gabrielenriquebarriosdominguez/Documents/Titanium_Studio_Workspace/test2/Resources/android/images/res-long-land-hdpi/default.png splash screen to /Users/gabrielenriquebarriosdominguez/Documents/Titanium_Studio_Workspace/test2/build/android/res/drawable-long-land-hdpi/background.png
[DEBUG] found drawable-long-land-ldpi splash screen at /Users/gabrielenriquebarriosdominguez/Documents/Titanium_Studio_Workspace/test2/Resources/android/images/res-long-land-ldpi/default.png
[DEBUG] copying /Users/gabrielenriquebarriosdominguez/Documents/Titanium_Studio_Workspace/test2/Resources/android/images/res-long-land-ldpi/default.png splash screen to /Users/gabrielenriquebarriosdominguez/Documents/Titanium_Studio_Workspace/test2/build/android/res/drawable-long-land-ldpi/background.png
[DEBUG] found drawable-long-port-hdpi splash screen at /Users/gabrielenriquebarriosdominguez/Documents/Titanium_Studio_Workspace/test2/Resources/android/images/res-long-port-hdpi/default.png
[DEBUG] copying /Users/gabrielenriquebarriosdominguez/Documents/Titanium_Studio_Workspace/test2/Resources/android/images/res-long-port-hdpi/default.png splash screen to /Users/gabrielenriquebarriosdominguez/Documents/Titanium_Studio_Workspace/test2/build/android/res/drawable-long-port-hdpi/background.png
[DEBUG] found drawable-long-port-ldpi splash screen at /Users/gabrielenriquebarriosdominguez/Documents/Titanium_Studio_Workspace/test2/Resources/android/images/res-long-port-ldpi/default.png
[DEBUG] copying /Users/gabrielenriquebarriosdominguez/Documents/Titanium_Studio_Workspace/test2/Resources/android/images/res-long-port-ldpi/default.png splash screen to /Users/gabrielenriquebarriosdominguez/Documents/Titanium_Studio_Workspace/test2/build/android/res/drawable-long-port-ldpi/background.png
[DEBUG] found drawable-notlong-land-hdpi splash screen at /Users/gabrielenriquebarriosdominguez/Documents/Titanium_Studio_Workspace/test2/Resources/android/images/res-notlong-land-hdpi/default.png
[DEBUG] copying /Users/gabrielenriquebarriosdominguez/Documents/Titanium_Studio_Workspace/test2/Resources/android/images/res-notlong-land-hdpi/default.png splash screen to /Users/gabrielenriquebarriosdominguez/Documents/Titanium_Studio_Workspace/test2/build/android/res/drawable-notlong-land-hdpi/background.png
[DEBUG] found drawable-notlong-land-ldpi splash screen at /Users/gabrielenriquebarriosdominguez/Documents/Titanium_Studio_Workspace/test2/Resources/android/images/res-notlong-land-ldpi/default.png
[DEBUG] copying /Users/gabrielenriquebarriosdominguez/Documents/Titanium_Studio_Workspace/test2/Resources/android/images/res-notlong-land-ldpi/default.png splash screen to /Users/gabrielenriquebarriosdominguez/Documents/Titanium_Studio_Workspace/test2/build/android/res/drawable-notlong-land-ldpi/background.png
[DEBUG] found drawable-notlong-land-mdpi splash screen at /Users/gabrielenriquebarriosdominguez/Documents/Titanium_Studio_Workspace/test2/Resources/android/images/res-notlong-land-mdpi/default.png
[DEBUG] copying /Users/gabrielenriquebarriosdominguez/Documents/Titanium_Studio_Workspace/test2/Resources/android/images/res-notlong-land-mdpi/default.png splash screen to /Users/gabrielenriquebarriosdominguez/Documents/Titanium_Studio_Workspace/test2/build/android/res/drawable-notlong-land-mdpi/background.png
[DEBUG] found drawable-notlong-port-hdpi splash screen at /Users/gabrielenriquebarriosdominguez/Documents/Titanium_Studio_Workspace/test2/Resources/android/images/res-notlong-port-hdpi/default.png
[DEBUG] copying /Users/gabrielenriquebarriosdominguez/Documents/Titanium_Studio_Workspace/test2/Resources/android/images/res-notlong-port-hdpi/default.png splash screen to /Users/gabrielenriquebarriosdominguez/Documents/Titanium_Studio_Workspace/test2/build/android/res/drawable-notlong-port-hdpi/background.png
[DEBUG] found drawable-notlong-port-ldpi splash screen at /Users/gabrielenriquebarriosdominguez/Documents/Titanium_Studio_Workspace/test2/Resources/android/images/res-notlong-port-ldpi/default.png
[DEBUG] copying /Users/gabrielenriquebarriosdominguez/Documents/Titanium_Studio_Workspace/test2/Resources/android/images/res-notlong-port-ldpi/default.png splash screen to /Users/gabrielenriquebarriosdominguez/Documents/Titanium_Studio_Workspace/test2/build/android/res/drawable-notlong-port-ldpi/background.png
[DEBUG] found drawable-notlong-port-mdpi splash screen at /Users/gabrielenriquebarriosdominguez/Documents/Titanium_Studio_Workspace/test2/Resources/android/images/res-notlong-port-mdpi/default.png
[DEBUG] copying /Users/gabrielenriquebarriosdominguez/Documents/Titanium_Studio_Workspace/test2/Resources/android/images/res-notlong-port-mdpi/default.png splash screen to /Users/gabrielenriquebarriosdominguez/Documents/Titanium_Studio_Workspace/test2/build/android/res/drawable-notlong-port-mdpi/background.png
[DEBUG] found splash screen at /Users/gabrielenriquebarriosdominguez/Documents/Titanium_Studio_Workspace/test2/build/android/bin/assets/Resources/default.png
[TRACE] Writing out AndroidManifest.xml
[DEBUG] adding /Users/gabrielenriquebarriosdominguez/Documents/Titanium_Studio_Workspace/test2/build/android/gen/com/urvenue/ApplicationStylesheet.java to javac build list
[DEBUG] adding /Users/gabrielenriquebarriosdominguez/Documents/Titanium_Studio_Workspace/test2/build/android/gen/com/urvenue/R.java to javac build list
[DEBUG] adding /Users/gabrielenriquebarriosdominguez/Documents/Titanium_Studio_Workspace/test2/build/android/gen/com/urvenue/Test2Activity.java to javac build list
[DEBUG] adding /Users/gabrielenriquebarriosdominguez/Documents/Titanium_Studio_Workspace/test2/build/android/gen/com/urvenue/Test2AppInfo.java to javac build list
[DEBUG] adding /Users/gabrielenriquebarriosdominguez/Documents/Titanium_Studio_Workspace/test2/build/android/gen/com/urvenue/Test2Application.java to javac build list
[DEBUG] Building Java Sources: "/Users/gabrielenriquebarriosdominguez/Documents/Titanium_Studio_Workspace/test2/build/android/gen/com/urvenue/ApplicationStylesheet.java" "/Users/gabrielenriquebarriosdominguez/Documents/Titanium_Studio_Workspace/test2/build/android/gen/com/urvenue/R.java" "/Users/gabrielenriquebarriosdominguez/Documents/Titanium_Studio_Workspace/test2/build/android/gen/com/urvenue/Test2Activity.java" "/Users/gabrielenriquebarriosdominguez/Documents/Titanium_Studio_Workspace/test2/build/android/gen/com/urvenue/Test2AppInfo.java" "/Users/gabrielenriquebarriosdominguez/Documents/Titanium_Studio_Workspace/test2/build/android/gen/com/urvenue/Test2Application.java"
[INFO] Compiling Android Resources... This could take some time
[DEBUG] Android classes.dex built
[DEBUG] creating unsigned apk: /Users/gabrielenriquebarriosdominguez/Documents/Titanium_Studio_Workspace/test2/build/android/bin/app-unsigned.apk
[DEBUG] from resource zip => assets/Resources/KS_nav_ui.png
[DEBUG] from resource zip => assets/Resources/KS_nav_views.png
[DEBUG] from resource zip => assets/Resources/app.js
[DEBUG] from resource zip => assets/Resources/appicon.png
[DEBUG] from resource zip => assets/Resources/default.png
[DEBUG] from resource zip => assets/Resources/ti.cloud.js
[DEBUG] from resource zip => assets/app.json
[DEBUG] from resource zip => assets/index.json
[DEBUG] from resource zip => assets/tiapp.xml
[DEBUG] from resource zip => res/drawable/appicon.png
[DEBUG] from resource zip => res/drawable/background.png
[DEBUG] from resource zip => res/drawable/close.png
[DEBUG] from resource zip => res/drawable/facebook_login.png
[DEBUG] from resource zip => res/drawable/facebook_login_down.png
[DEBUG] from resource zip => res/drawable/facebook_login_wide.png
[DEBUG] from resource zip => res/drawable/facebook_login_wide_down.png
[DEBUG] from resource zip => res/drawable/facebook_logout.png
[DEBUG] from resource zip => res/drawable/facebook_logout_down.png
[DEBUG] from resource zip => res/layout/titanium_tabgroup.xml
[DEBUG] from resource zip => AndroidManifest.xml
[DEBUG] from resource zip => resources.arsc
[DEBUG] from resource zip => res/drawable-hdpi/close.png
[DEBUG] from resource zip => res/drawable-ldpi/close.png
[DEBUG] from resource zip => res/drawable-long-land-hdpi/background.png
[DEBUG] from resource zip => res/drawable-long-land-hdpi/default_d44e27d97b.png
[DEBUG] from resource zip => res/drawable-long-land-ldpi/background.png
[DEBUG] from resource zip => res/drawable-long-land-ldpi/default_d44e27d97b.png
[DEBUG] from resource zip => res/drawable-long-port-hdpi/background.png
[DEBUG] from resource zip => res/drawable-long-port-hdpi/default_d44e27d97b.png
[DEBUG] from resource zip => res/drawable-long-port-ldpi/background.png
[DEBUG] from resource zip => res/drawable-long-port-ldpi/default_d44e27d97b.png
[DEBUG] from resource zip => res/drawable-notlong-land-hdpi/background.png
[DEBUG] from resource zip => res/drawable-notlong-land-hdpi/default_d44e27d97b.png
[DEBUG] from resource zip => res/drawable-notlong-land-ldpi/background.png
[DEBUG] from resource zip => res/drawable-notlong-land-ldpi/default_d44e27d97b.png
[DEBUG] from resource zip => res/drawable-notlong-land-mdpi/background.png
[DEBUG] from resource zip => res/drawable-notlong-land-mdpi/default_d44e27d97b.png
[DEBUG] from resource zip => res/drawable-notlong-port-hdpi/background.png
[DEBUG] from resource zip => res/drawable-notlong-port-hdpi/default_d44e27d97b.png
[DEBUG] from resource zip => res/drawable-notlong-port-ldpi/background.png
[DEBUG] from resource zip => res/drawable-notlong-port-ldpi/default_d44e27d97b.png
[DEBUG] from resource zip => res/drawable-notlong-port-mdpi/background.png
[DEBUG] from resource zip => res/drawable-notlong-port-mdpi/default_d44e27d97b.png
[DEBUG] from JAR /Users/gabrielenriquebarriosdominguez/Library/Application Support/Titanium/mobilesdk/osx/3.0.0.GA/android/titanium.jar => org/appcelerator/titanium/build.properties
[DEBUG] from JAR /Users/gabrielenriquebarriosdominguez/Library/Application Support/Titanium/mobilesdk/osx/3.0.0.GA/android/titanium.jar => org/appcelerator/titanium/res/drawable/background.png
[DEBUG] from JAR /Users/gabrielenriquebarriosdominguez/Library/Application Support/Titanium/mobilesdk/osx/3.0.0.GA/android/titanium.jar => org/appcelerator/titanium/res/drawable/btn_check_buttonless_on.png
[DEBUG] from JAR /Users/gabrielenriquebarriosdominguez/Library/Application Support/Titanium/mobilesdk/osx/3.0.0.GA/android/titanium.jar => org/appcelerator/titanium/res/drawable/btn_check_buttonless_on_18.png
[DEBUG] from JAR /Users/gabrielenriquebarriosdominguez/Library/Application Support/Titanium/mobilesdk/osx/3.0.0.GA/android/titanium.jar => org/appcelerator/titanium/res/drawable/btn_check_buttonless_on_48.png
[DEBUG] from JAR /Users/gabrielenriquebarriosdominguez/Library/Application Support/Titanium/mobilesdk/osx/3.0.0.GA/android/titanium.jar => org/appcelerator/titanium/res/drawable/btn_check_buttonless_on_64.png
[DEBUG] from JAR /Users/gabrielenriquebarriosdominguez/Library/Application Support/Titanium/mobilesdk/osx/3.0.0.GA/android/titanium.jar => org/appcelerator/titanium/res/drawable/btn_more.png
[DEBUG] from JAR /Users/gabrielenriquebarriosdominguez/Library/Application Support/Titanium/mobilesdk/osx/3.0.0.GA/android/titanium.jar => org/appcelerator/titanium/res/drawable/btn_more_18.png
[DEBUG] from JAR /Users/gabrielenriquebarriosdominguez/Library/Application Support/Titanium/mobilesdk/osx/3.0.0.GA/android/titanium.jar => org/appcelerator/titanium/res/drawable/btn_more_48.png
[DEBUG] from JAR /Users/gabrielenriquebarriosdominguez/Library/Application Support/Titanium/mobilesdk/osx/3.0.0.GA/android/titanium.jar => org/appcelerator/titanium/res/drawable/btn_more_64.png
[DEBUG] from JAR /Users/gabrielenriquebarriosdominguez/Library/Application Support/Titanium/mobilesdk/osx/3.0.0.GA/android/titanium.jar => org/appcelerator/titanium/res/drawable/btn_picker_normal.9.png
[DEBUG] from JAR /Users/gabrielenriquebarriosdominguez/Library/Application Support/Titanium/mobilesdk/osx/3.0.0.GA/android/titanium.jar => org/appcelerator/titanium/res/drawable/btn_picker_pressed.9.png
[DEBUG] from JAR /Users/gabrielenriquebarriosdominguez/Library/Application Support/Titanium/mobilesdk/osx/3.0.0.GA/android/titanium.jar => org/appcelerator/titanium/res/drawable/btn_picker_selected.9.png
[DEBUG] from JAR /Users/gabrielenriquebarriosdominguez/Library/Application Support/Titanium/mobilesdk/osx/3.0.0.GA/android/titanium.jar => org/appcelerator/titanium/res/drawable/default_icon.png
[DEBUG] from JAR /Users/gabrielenriquebarriosdominguez/Library/Application Support/Titanium/mobilesdk/osx/3.0.0.GA/android/titanium.jar => org/appcelerator/titanium/res/drawable/photoDefault.png
[DEBUG] from JAR /Users/gabrielenriquebarriosdominguez/Library/Application Support/Titanium/mobilesdk/osx/3.0.0.GA/android/modules/titanium-ui.jar => ti/modules/titanium/ui/widget/webview/binding.js
[DEBUG] from JAR /Users/gabrielenriquebarriosdominguez/Library/Application Support/Titanium/mobilesdk/osx/3.0.0.GA/android/modules/titanium-ui.jar => ti/modules/titanium/ui/widget/webview/binding.min.js
[DEBUG] from JAR /Users/gabrielenriquebarriosdominguez/Library/Application Support/Titanium/mobilesdk/osx/3.0.0.GA/android/modules/titanium-ui.jar => ti/modules/titanium/ui/widget/webview/json2.js
[DEBUG] from JAR /Users/gabrielenriquebarriosdominguez/Library/Application Support/Titanium/mobilesdk/osx/3.0.0.GA/android/modules/titanium-ui.jar => ti/modules/titanium/ui/widget/webview/polling.js
[DEBUG] from JAR /Users/gabrielenriquebarriosdominguez/Library/Application Support/Titanium/mobilesdk/osx/3.0.0.GA/android/modules/titanium-ui.jar => ti/modules/titanium/ui/widget/webview/polling.min.js
[DEBUG] from JAR /Users/gabrielenriquebarriosdominguez/Library/Application Support/Titanium/mobilesdk/osx/3.0.0.GA/android/modules/titanium-facebook.jar => ti/modules/titanium/facebook/LICENSE
[DEBUG] from JAR /Users/gabrielenriquebarriosdominguez/Library/Application Support/Titanium/mobilesdk/osx/3.0.0.GA/android/thirdparty.jar => org/apache/Commons-NOTICE.txt
[DEBUG] from JAR /Users/gabrielenriquebarriosdominguez/Library/Application Support/Titanium/mobilesdk/osx/3.0.0.GA/android/thirdparty.jar => org/apache/HttpComponents-NOTICE.txt
[DEBUG] from JAR /Users/gabrielenriquebarriosdominguez/Library/Application Support/Titanium/mobilesdk/osx/3.0.0.GA/android/thirdparty.jar => org/apache/mime4j-NOTICE.txt
[DEBUG] installing native SDK libs
[DEBUG] Waiting for device to be ready ...
[TRACE] adb devices returned 1 devices/emulators
[DEBUG] Device connected... (waited 0 seconds)
[DEBUG] waited 0.037582 seconds on emulator to get ready
[INFO] Installing application on emulator
[INFO] Launching application ... test2
[TRACE] Launch output: Starting: Intent { act=android.intent.action.MAIN cat=[android.intent.category.LAUNCHER] flg=0x10200000 cmp=com.urvenue/.Test2Activity }

[INFO] Deployed test2 ... Application should be running.
